Sun 14 Aug 2022 01:35:30 AM UTC: 
 tests:  0|7
total_score: 0/70
43ca2c2
Sun 14 Aug 2022 01:43:25 AM UTC: 
 exercises.c | 2 +-
 1 file changed, 1 insertion(+), 1 deletion(-)
In file included from test.c:5:
exercises.c: In function ‘suma’:
exercises.c:15:6: error: assignment to ‘int *’ from ‘int’ makes pointer from integer without a cast [-Werror=int-conversion]
   15 |     c=a+b;
      |      ^
cc1: all warnings being treated as errors
Compilation failed
79c7512
Sun 14 Aug 2022 01:43:59 AM UTC: 
 exercises.c | 2 +-
 1 file changed, 1 insertion(+), 1 deletion(-)
 tests:  1|6
total_score: 10/70
111f23a
Sun 14 Aug 2022 01:57:38 AM UTC: 
 exercises.c | 2 +-
 1 file changed, 1 insertion(+), 1 deletion(-)
 tests:  2|5
total_score: 20/70
65dd270
Sun 14 Aug 2022 01:59:26 AM UTC: 
 exercises.c | 2 +-
 1 file changed, 1 insertion(+), 1 deletion(-)
 tests:  2|5
total_score: 20/70
fbeb5fa
Sun 14 Aug 2022 01:59:35 AM UTC: 
 exercises.c | 2 +-
 1 file changed, 1 insertion(+), 1 deletion(-)
 tests:  1|6
total_score: 10/70
19e9fb9
Sun 14 Aug 2022 02:00:29 AM UTC: 
 exercises.c | 2 +-
 1 file changed, 1 insertion(+), 1 deletion(-)
 tests:  2|5
total_score: 20/70
b5a354d
Sun 14 Aug 2022 02:14:49 AM UTC: 
 exercises.c | 7 +++++++
 1 file changed, 7 insertions(+)
 tests:  3|4
total_score: 30/70
9b60fab
Sun 14 Aug 2022 02:21:29 AM UTC: 
 exercises.c | 6 ++++++
 1 file changed, 6 insertions(+)
 tests:  4|3
total_score: 40/70
4a682ca
Sun 14 Aug 2022 02:26:27 AM UTC: 
 exercises.c | 4 ++--
 1 file changed, 2 insertions(+), 2 deletions(-)
 tests:  6|2
total_score: 50/70
1407f56
Sun 14 Aug 2022 02:33:16 AM UTC: 
 exercises.c | 2 +-
 1 file changed, 1 insertion(+), 1 deletion(-)
In file included from test.c:5:
exercises.c: In function ‘sumaV’:
exercises.c:115:10: error: ‘i’ undeclared (first use in this function)
  115 | c->datos[i]=a->datos[i]+b->datos[i];
      |          ^
exercises.c:115:10: note: each undeclared identifier is reported only once for each function it appears in
Compilation failed
2e8f956
Sun 14 Aug 2022 02:33:41 AM UTC: 
 exercises.c | 2 +-
 1 file changed, 1 insertion(+), 1 deletion(-)
In file included from test.c:5:
exercises.c: In function ‘sumaV’:
exercises.c:115:18: error: invalid operands to binary + (have ‘int *’ and ‘int *’)
  115 | c->datos=a->datos+b->datos;
      |          ~~~~~~~~^~~~~~~~~
      |           |        |
      |           int *    int *
Compilation failed
aa44111
Sun 14 Aug 2022 02:34:50 AM UTC: 
 exercises.c | 2 +-
 1 file changed, 1 insertion(+), 1 deletion(-)
In file included from test.c:5:
exercises.c: In function ‘sumaV’:
exercises.c:115:4: error: invalid operands to binary + (have ‘Vector *’ and ‘Vector *’)
  115 | c=a+b;
      |    ^
Compilation failed
b10bd31
Sun 14 Aug 2022 02:35:06 AM UTC: 
 exercises.c | 2 +-
 1 file changed, 1 insertion(+), 1 deletion(-)
In file included from test.c:5:
exercises.c: In function ‘sumaV’:
exercises.c:115:11: error: invalid operands to binary + (have ‘Vector *’ and ‘Vector *’)
  115 | c->datos=a+b;
      |           ^
Compilation failed
a6f70cc
Sun 14 Aug 2022 03:12:07 AM UTC: 
 exercises.c | 2 +-
 1 file changed, 1 insertion(+), 1 deletion(-)
In file included from test.c:5:
exercises.c: In function ‘sumaV’:
exercises.c:115:6: error: wrong type argument to unary plus
  115 | *c=a*+b*;
      |      ^
exercises.c:115:9: error: expected expression before ‘;’ token
  115 | *c=a*+b*;
      |         ^
Compilation failed
c63b205
Sun 14 Aug 2022 03:13:24 AM UTC: 
 exercises.c | 2 +-
 1 file changed, 1 insertion(+), 1 deletion(-)
 tests:  6|2
total_score: 50/70
ca6d904
Sun 14 Aug 2022 03:14:34 AM UTC: 
 exercises.c | 2 +-
 1 file changed, 1 insertion(+), 1 deletion(-)
In file included from test.c:5:
exercises.c: In function ‘sumaV’:
exercises.c:115:18: error: invalid operands to binary + (have ‘int *’ and ‘int *’)
  115 | c->datos=a->datos+b->datos;
      |          ~~~~~~~~^~~~~~~~~
      |           |        |
      |           int *    int *
Compilation failed
496d5b7
Sun 14 Aug 2022 03:14:41 AM UTC: 
 exercises.c | 2 +-
 1 file changed, 1 insertion(+), 1 deletion(-)
In file included from test.c:5:
exercises.c: In function ‘sumaV’:
exercises.c:115:19: error: invalid operands to binary + (have ‘int *’ and ‘int *’)
  115 | *c->datos=a->datos+b->datos;
      |           ~~~~~~~~^~~~~~~~~
      |            |        |
      |            int *    int *
Compilation failed
c5ddccf
Sun 14 Aug 2022 03:14:54 AM UTC: 
 exercises.c | 2 +-
 1 file changed, 1 insertion(+), 1 deletion(-)
 tests:  6|2
total_score: 50/70
dbbb9d5
Sun 14 Aug 2022 03:15:47 AM UTC: 
 exercises.c | 2 +-
 1 file changed, 1 insertion(+), 1 deletion(-)
In file included from test.c:5:
exercises.c: In function ‘sumaV’:
exercises.c:115:20: error: statement with no effect [-Werror=unused-value]
  115 | *c->datos+*a->datos+*b->datos;
      | ~~~~~~~~~~~~~~~~~~~^~~~~~~~~~
cc1: all warnings being treated as errors
Compilation failed
c2ae7de
Sun 14 Aug 2022 03:16:10 AM UTC: 
 exercises.c | 2 +-
 1 file changed, 1 insertion(+), 1 deletion(-)
 tests:  6|2
total_score: 50/70
0d4f11d
Sun 14 Aug 2022 03:16:35 AM UTC: 
 exercises.c | 2 +-
 1 file changed, 1 insertion(+), 1 deletion(-)
In file included from test.c:5:
exercises.c: In function ‘sumaV’:
exercises.c:115:21: error: lvalue required as left operand of assignment
  115 | *c->datos=+*a->datos=+*b->datos;
      |                     ^
Compilation failed
9a26d31
Sun 14 Aug 2022 03:16:46 AM UTC: 
 exercises.c | 2 +-
 1 file changed, 1 insertion(+), 1 deletion(-)
In file included from test.c:5:
exercises.c: In function ‘sumaV’:
exercises.c:115:21: error: invalid operands to binary + (have ‘int’ and ‘Vector’)
  115 | *c->datos=+*a->datos+*b;
      |           ~~~~~~~~~~^~~
      |           |          |
      |           int        Vector
Compilation failed
c78fc83
Sun 14 Aug 2022 03:17:31 AM UTC: 
 exercises.c | 2 +-
 1 file changed, 1 insertion(+), 1 deletion(-)
In file included from test.c:5:
exercises.c: In function ‘sumaV’:
exercises.c:115:16: error: ‘i’ undeclared (first use in this function)
  115 | *c->datos=+*(a+i)->datos+*(b+i)->datos;
      |                ^
exercises.c:115:16: note: each undeclared identifier is reported only once for each function it appears in
Compilation failed
c403993
Sun 14 Aug 2022 03:18:08 AM UTC: 
 exercises.c | 2 +-
 1 file changed, 1 insertion(+), 1 deletion(-)
 tests:  6|2
total_score: 50/70
c6e5db7
Sun 14 Aug 2022 03:19:01 AM UTC: 
 exercises.c | 2 ++
 1 file changed, 2 insertions(+)
In file included from test.c:5:
exercises.c: In function ‘sumaV’:
exercises.c:116:6: error: invalid type argument of ‘->’ (have ‘Vector’)
  116 | *c[1]->datos=+*a->datos+*b->datos;
      |      ^~
exercises.c:117:6: error: invalid type argument of ‘->’ (have ‘Vector’)
  117 | *c[2]->datos=+*a->datos+*b->datos;
      |      ^~
Compilation failed
fc1eb56
Sun 14 Aug 2022 03:19:52 AM UTC: 
 exercises.c | 4 ++--
 1 file changed, 2 insertions(+), 2 deletions(-)
In file included from test.c:5:
exercises.c: In function ‘sumaV’:
exercises.c:116:1: error: invalid type argument of unary ‘*’ (have ‘int’)
  116 | *c->datos[1]=+*a->datos+*b->datos;
      | ^~~~~~~~~~~~
exercises.c:117:1: error: invalid type argument of unary ‘*’ (have ‘int’)
  117 | *c->datos[2]=+*a->datos+*b->datos;
      | ^~~~~~~~~~~~
Compilation failed
39996b7
Sun 14 Aug 2022 03:21:01 AM UTC: 
 exercises.c | 5 ++---
 1 file changed, 2 insertions(+), 3 deletions(-)
In file included from test.c:5:
exercises.c: In function ‘sumaV’:
exercises.c:115:20: error: expected ‘;’ before ‘}’ token
  115 | *c->datos=*a->datos
      |                    ^
      |                    ;
  116 | 
  117 | }
      | ~                   
Compilation failed
a7ddd70
Sun 14 Aug 2022 03:21:07 AM UTC: 
 exercises.c | 2 +-
 1 file changed, 1 insertion(+), 1 deletion(-)
 tests:  6|2
total_score: 50/70
88f76ee
Sun 14 Aug 2022 03:21:43 AM UTC: 
 exercises.c | 2 +-
 1 file changed, 1 insertion(+), 1 deletion(-)
 tests:  6|2
total_score: 50/70
a411406
Sun 14 Aug 2022 03:22:16 AM UTC: 
 exercises.c | 1 +
 1 file changed, 1 insertion(+)
In file included from test.c:5:
exercises.c: In function ‘sumaV’:
exercises.c:116:10: error: wrong type argument to unary plus
  116 | c->datos=+b->datos;
      |          ^
Compilation failed
0676092
Sun 14 Aug 2022 03:23:52 AM UTC: 
 exercises.c | 4 +++-
 1 file changed, 3 insertions(+), 1 deletion(-)
In file included from test.c:5:
exercises.c: In function ‘sumaV’:
exercises.c:115:9: error: expected ‘=’, ‘,’, ‘;’, ‘asm’ or ‘__attribute__’ before ‘*’ token
  115 | Vector x*;
      |         ^
exercises.c:115:10: error: expected expression before ‘;’ token
  115 | Vector x*;
      |          ^
exercises.c:117:1: error: ‘x’ undeclared (first use in this function)
  117 | x=b->datos;
      | ^
exercises.c:117:1: note: each undeclared identifier is reported only once for each function it appears in
exercises.c:118:12: error: expected ‘;’ before ‘}’ token
  118 | c->datos=+x
      |            ^
      |            ;
  119 | 
  120 | }
      | ~           
Compilation failed
3235e2f
Sun 14 Aug 2022 03:24:05 AM UTC: 
 exercises.c | 2 +-
 1 file changed, 1 insertion(+), 1 deletion(-)
In file included from test.c:5:
exercises.c: In function ‘sumaV’:
exercises.c:117:2: error: assignment to ‘Vector *’ from incompatible pointer type ‘int *’ [-Werror=incompatible-pointer-types]
  117 | x=b->datos;
      |  ^
exercises.c:118:10: error: wrong type argument to unary plus
  118 | c->datos=+x
      |          ^
exercises.c:118:12: error: expected ‘;’ before ‘}’ token
  118 | c->datos=+x
      |            ^
      |            ;
  119 | 
  120 | }
      | ~           
cc1: all warnings being treated as errors
Compilation failed
9a06cd3
Sun 14 Aug 2022 03:24:25 AM UTC: 
 exercises.c | 2 +-
 1 file changed, 1 insertion(+), 1 deletion(-)
In file included from test.c:5:
exercises.c: In function ‘sumaV’:
exercises.c:117:2: error: invalid operands to binary * (have ‘Vector *’ and ‘int *’)
  117 | x*=b->datos;
      |  ^~~~~~~~~~
      |     |
      |     int *
exercises.c:118:10: error: wrong type argument to unary plus
  118 | c->datos=+x
      |          ^
exercises.c:118:12: error: expected ‘;’ before ‘}’ token
  118 | c->datos=+x
      |            ^
      |            ;
  119 | 
  120 | }
      | ~           
Compilation failed
1317da1
Sun 14 Aug 2022 03:24:36 AM UTC: 
 exercises.c | 2 +-
 1 file changed, 1 insertion(+), 1 deletion(-)
In file included from test.c:5:
exercises.c: In function ‘sumaV’:
exercises.c:117:2: error: assignment to ‘Vector *’ from incompatible pointer type ‘int *’ [-Werror=incompatible-pointer-types]
  117 | x=b->datos;
      |  ^
exercises.c:118:10: error: wrong type argument to unary plus
  118 | c->datos=+x
      |          ^
exercises.c:118:12: error: expected ‘;’ before ‘}’ token
  118 | c->datos=+x
      |            ^
      |            ;
  119 | 
  120 | }
      | ~           
cc1: all warnings being treated as errors
Compilation failed
1e07486
Sun 14 Aug 2022 03:24:51 AM UTC: 
 exercises.c | 2 +-
 1 file changed, 1 insertion(+), 1 deletion(-)
In file included from test.c:5:
exercises.c: In function ‘sumaV’:
exercises.c:117:2: error: assignment to ‘Vector *’ from incompatible pointer type ‘int *’ [-Werror=incompatible-pointer-types]
  117 | x=b->datos;
      |  ^
exercises.c:118:10: error: wrong type argument to unary plus
  118 | c->datos=+b
      |          ^
exercises.c:118:12: error: expected ‘;’ before ‘}’ token
  118 | c->datos=+b
      |            ^
      |            ;
  119 | 
  120 | }
      | ~           
exercises.c:115:9: error: variable ‘x’ set but not used [-Werror=unused-but-set-variable]
  115 | Vector* x;
      |         ^
cc1: all warnings being treated as errors
Compilation failed
23fa79b
Sun 14 Aug 2022 03:24:58 AM UTC: 
 exercises.c | 1 -
 1 file changed, 1 deletion(-)
In file included from test.c:5:
exercises.c: In function ‘sumaV’:
exercises.c:117:10: error: wrong type argument to unary plus
  117 | c->datos=+b
      |          ^
exercises.c:117:12: error: expected ‘;’ before ‘}’ token
  117 | c->datos=+b
      |            ^
      |            ;
  118 | 
  119 | }
      | ~           
exercises.c:115:9: error: unused variable ‘x’ [-Werror=unused-variable]
  115 | Vector* x;
      |         ^
cc1: all warnings being treated as errors
Compilation failed
abc7790
Sun 14 Aug 2022 03:25:07 AM UTC: 
 exercises.c | 2 +-
 1 file changed, 1 insertion(+), 1 deletion(-)
In file included from test.c:5:
exercises.c: In function ‘sumaV’:
exercises.c:115:9: error: unused variable ‘x’ [-Werror=unused-variable]
  115 | Vector* x;
      |         ^
cc1: all warnings being treated as errors
Compilation failed
3b9cabe
Sun 14 Aug 2022 03:25:14 AM UTC: 
 exercises.c | 1 -
 1 file changed, 1 deletion(-)
 tests:  6|2
total_score: 50/70
04ab350
Sun 14 Aug 2022 03:25:57 AM UTC: 
 exercises.c | 2 +-
 1 file changed, 1 insertion(+), 1 deletion(-)
In file included from test.c:5:
exercises.c: In function ‘sumaV’:
exercises.c:115:10: error: assignment to ‘int’ from ‘int *’ makes integer from pointer without a cast [-Werror=int-conversion]
  115 | *c->datos=a->datos;
      |          ^
cc1: all warnings being treated as errors
Compilation failed
2b3edcd
Sun 14 Aug 2022 03:26:23 AM UTC: 
 exercises.c | 2 +-
 1 file changed, 1 insertion(+), 1 deletion(-)
In file included from test.c:5:
exercises.c: In function ‘sumaV’:
exercises.c:115:10: error: assignment to ‘int’ from ‘int *’ makes integer from pointer without a cast [-Werror=int-conversion]
  115 | *c->datos=(a->datos);
      |          ^
cc1: all warnings being treated as errors
Compilation failed
785815b
Sun 14 Aug 2022 03:26:41 AM UTC: 
 exercises.c | 2 +-
 1 file changed, 1 insertion(+), 1 deletion(-)
 tests:  6|2
total_score: 50/70
77b9045
Sun 14 Aug 2022 03:27:34 AM UTC: 
 exercises.c | 1 +
 1 file changed, 1 insertion(+)
In file included from test.c:5:
exercises.c: In function ‘sumaV’:
exercises.c:116:19: error: invalid operands to binary + (have ‘int *’ and ‘int *’)
  116 | c->datos= c->datos+b->datos
      |           ~~~~~~~~^~~~~~~~~
      |            |        |
      |            int *    int *
exercises.c:116:28: error: expected ‘;’ before ‘}’ token
  116 | c->datos= c->datos+b->datos
      |                            ^
      |                            ;
......
  119 | }
      | ~                           
Compilation failed
c32c08f
Sun 14 Aug 2022 03:28:15 AM UTC: 
 exercises.c | 2 +-
 1 file changed, 1 insertion(+), 1 deletion(-)
In file included from test.c:5:
exercises.c: In function ‘sumaV’:
exercises.c:116:9: error: assignment to ‘int *’ from ‘int’ makes pointer from integer without a cast [-Werror=int-conversion]
  116 | c->datos= *c->datos+*b->datos
      |         ^
exercises.c:116:30: error: expected ‘;’ before ‘}’ token
  116 | c->datos= *c->datos+*b->datos
      |                              ^
      |                              ;
......
  119 | }
      | ~                             
cc1: all warnings being treated as errors
Compilation failed
66b71b6
Sun 14 Aug 2022 03:28:28 AM UTC: 
 exercises.c | 2 +-
 1 file changed, 1 insertion(+), 1 deletion(-)
In file included from test.c:5:
exercises.c: In function ‘sumaV’:
exercises.c:116:31: error: expected ‘;’ before ‘}’ token
  116 | *c->datos= *c->datos+*b->datos
      |                               ^
      |                               ;
......
  119 | }
      | ~                              
Compilation failed
963f2f0
Sun 14 Aug 2022 03:28:38 AM UTC: 
 exercises.c | 2 +-
 1 file changed, 1 insertion(+), 1 deletion(-)
 tests:  6|2
total_score: 50/70
e65b3f4
Sun 14 Aug 2022 03:29:05 AM UTC: 
 exercises.c | 2 +-
 1 file changed, 1 insertion(+), 1 deletion(-)
In file included from test.c:5:
exercises.c: In function ‘sumaV’:
exercises.c:116:21: error: request for member ‘i’ in something not a structure or union
  116 | *c->datos= *c->datos.i+*b->datos.i;
      |                     ^
exercises.c:116:33: error: request for member ‘i’ in something not a structure or union
  116 | *c->datos= *c->datos.i+*b->datos.i;
      |                                 ^
Compilation failed
421a03e
Sun 14 Aug 2022 03:29:31 AM UTC: 
 exercises.c | 2 +-
 1 file changed, 1 insertion(+), 1 deletion(-)
In file included from test.c:5:
exercises.c: In function ‘sumaV’:
exercises.c:116:11: error: wrong type argument to unary plus
  116 | c->datos =+ b->datos;
      |           ^
Compilation failed
e2b65fb
Sun 14 Aug 2022 03:30:17 AM UTC: 
 exercises.c | 2 +-
 1 file changed, 1 insertion(+), 1 deletion(-)
In file included from test.c:5:
exercises.c: In function ‘sumaV’:
exercises.c:116:4: error: expected identifier before ‘*’ token
  116 | c->*datos =+ b->*datos;
      |    ^
Compilation failed
aa86dfc
Sun 14 Aug 2022 03:30:59 AM UTC: 
 exercises.c | 2 +-
 1 file changed, 1 insertion(+), 1 deletion(-)
In file included from test.c:5:
exercises.c: In function ‘sumaV’:
exercises.c:116:11: error: expected expression before ‘=’ token
  116 | c->datos* =+ b->datos*;
      |           ^
exercises.c:116:12: error: wrong type argument to unary plus
  116 | c->datos* =+ b->datos*;
      |            ^
Compilation failed
4e2117e
Sun 14 Aug 2022 03:31:24 AM UTC: 
 exercises.c | 2 +-
 1 file changed, 1 insertion(+), 1 deletion(-)
In file included from test.c:5:
exercises.c: In function ‘sumaV’:
exercises.c:116:11: error: wrong type argument to unary plus
  116 | c->datos =+ b->datos;
      |           ^
Compilation failed
ba1935c
Sun 14 Aug 2022 03:31:48 AM UTC: 
 exercises.c | 2 +-
 1 file changed, 1 insertion(+), 1 deletion(-)
In file included from test.c:5:
exercises.c: In function ‘sumaV’:
exercises.c:116:4: error: expected identifier before ‘*’ token
  116 | c->*datos =+ b->*datos;
      |    ^
Compilation failed
bb496f1
Sun 14 Aug 2022 03:31:57 AM UTC: 
 exercises.c | 2 +-
 1 file changed, 1 insertion(+), 1 deletion(-)
In file included from test.c:5:
exercises.c: In function ‘sumaV’:
exercises.c:116:5: error: expected identifier before ‘*’ token
  116 | *c->*datos =+ b->*datos;
      |     ^
Compilation failed
f028104
Sun 14 Aug 2022 03:32:12 AM UTC: 
 exercises.c | 2 +-
 1 file changed, 1 insertion(+), 1 deletion(-)
In file included from test.c:5:
exercises.c: In function ‘sumaV’:
exercises.c:116:4: error: expected identifier before numeric constant
  116 | c->1*datos =+ b->*datos;
      |    ^
Compilation failed
f6e6f53
Sun 14 Aug 2022 03:32:27 AM UTC: 
 exercises.c | 2 +-
 1 file changed, 1 insertion(+), 1 deletion(-)
In file included from test.c:5:
exercises.c: In function ‘sumaV’:
exercises.c:116:4: error: expected identifier before ‘*’ token
  116 | c->*datos =+ b->*datos;
      |    ^
Compilation failed
ad9ca5c
Sun 14 Aug 2022 03:32:55 AM UTC: 
 exercises.c | 2 +-
 1 file changed, 1 insertion(+), 1 deletion(-)
In file included from test.c:5:
exercises.c: In function ‘sumaV’:
exercises.c:116:2: error: ‘c’ is a pointer; did you mean to use ‘->’?
  116 | c.datos =+ b.datos;
      |  ^
      |  ->
exercises.c:116:13: error: ‘b’ is a pointer; did you mean to use ‘->’?
  116 | c.datos =+ b.datos;
      |             ^
      |             ->
Compilation failed
9e68b7e
